<?xml version="1.0" encoding="UTF-8"?>
<testsuite name="org.openmrs.util.OpenmrsUtilTest" time="1.44" tests="47" errors="0" skipped="0" failures="0">
  <properties>
[...]
</properties>
  <testcase name="nullSafeEqualsIgnoreCase_shouldReturnFalseIfOnlyOneOfTheStringsIsNull" classname="org.openmrs.util.OpenmrsUtilTest" time="0.193"/>
  <testcase name="containsUpperAndLowerCase_shouldReturnTrueIfStringContainsUpperAndLowerCase" classname="org.openmrs.util.OpenmrsUtilTest" time="0.024"/>
  <testcase name="getDateFormat_shouldReturnAPatternWithFourYCharactersInIt" classname="org.openmrs.util.OpenmrsUtilTest" time="0.081"/>
  <testcase name="validatePassword_shouldFailWithShortPasswordByDefault" classname="org.openmrs.util.OpenmrsUtilTest" time="0.027"/>
  <testcase name="containsOnlyDigits_shouldReturnFalseIfStringContainsAnyNonDigits" classname="org.openmrs.util.OpenmrsUtilTest" time="0.018"/>
  <testcase name="validatePassword_shouldFailWithCharOnlyPasswordByDefault" classname="org.openmrs.util.OpenmrsUtilTest" time="0.029"/>
  <testcase name="copyFile_shouldCopyInputstreamToOutputstreamAndCloseTheOutputstream" classname="org.openmrs.util.OpenmrsUtilTest" time="0.053"/>
  <testcase name="openmrsDateFormat_shouldAllowSingleDigitDatesAndMonths" classname="org.openmrs.util.OpenmrsUtilTest" time="0.032"/>
  <testcase name="validatePassword_shouldAllowPasswordToContainNonAlphanumericCharacters" classname="org.openmrs.util.OpenmrsUtilTest" time="0.022"/>
  <testcase name="containsDigit_shouldReturnFalseIfStringContainsNoDigits" classname="org.openmrs.util.OpenmrsUtilTest" time="0.021"/>
  <testcase name="url2file_shouldReturnNullGivenNullParameter" classname="org.openmrs.util.OpenmrsUtilTest" time="0.027"/>
  <testcase name="validatePassword_shouldFailWithDigitOnlyPasswordByDefault" classname="org.openmrs.util.OpenmrsUtilTest" time="0.023"/>
  <testcase name="validatePassword_shouldPassWithDigitOnlyPasswordIfAllowed" classname="org.openmrs.util.OpenmrsUtilTest" time="0.033"/>
  <testcase name="nullSafeEqualsIgnoreCase_shouldBeCaseInsensitive" classname="org.openmrs.util.OpenmrsUtilTest" time="0.019"/>
  <testcase name="validatePassword_shouldAllowPasswordToContainWhiteSpaces" classname="org.openmrs.util.OpenmrsUtilTest" time="0.022"/>
  <testcase name="openmrsDateFormat_shouldParseValidDate" classname="org.openmrs.util.OpenmrsUtilTest" time="0.029"/>
  <testcase name="openmrsDateFormat_shouldNotAllowDatesWithInvalidDaysOrMonths" classname="org.openmrs.util.OpenmrsUtilTest" time="0.021"/>
  <testcase name="containsUpperAndLowerCase_shouldReturnFalseIfStringDoesNotContainUpperCaseCharacters" classname="org.openmrs.util.OpenmrsUtilTest" time="0.017"/>
  <testcase name="validatePassword_shouldPassWithPasswordEqualsToUserNameIfAllowed" classname="org.openmrs.util.OpenmrsUtilTest" time="0.033"/>
  <testcase name="containsDigit_shouldReturnTrueIfStringContainsAnyDigits" classname="org.openmrs.util.OpenmrsUtilTest" time="0.009"/>
  <testcase name="validatePassword_shouldFailWithCharOnlyPasswordIfNotAllowed" classname="org.openmrs.util.OpenmrsUtilTest" time="0.021"/>
  <testcase name="validatePassword_shouldFailWithoutUpperAndLowerCasePasswordIfNotAllowed" classname="org.openmrs.util.OpenmrsUtilTest" time="0.065"/>
  <testcase name="shortenedStackTrace_shouldReturnNullIfStackTraceIsNull" classname="org.openmrs.util.OpenmrsUtilTest" time="0.02"/>
  <testcase name="validatePassword_shouldFailWithShortPasswordIfNotAllowed" classname="org.openmrs.util.OpenmrsUtilTest" time="0.036"/>
  <testcase name="validatePassword_shouldStillWorkWithoutAnOpenSession" classname="org.openmrs.util.OpenmrsUtilTest" time="0.011"/>
  <testcase name="validatePassword_shouldFailWithPasswordEqualsToUserNameIfNotAllowed" classname="org.openmrs.util.OpenmrsUtilTest" time="0.037"/>
  <testcase name="validatePassword_shouldPassWithPasswordMatchingConfiguredRegex" classname="org.openmrs.util.OpenmrsUtilTest" time="0.012"/>
  <testcase name="copyFile_shouldNotCopyTheOutputstreamIfInputstreamIsNull" classname="org.openmrs.util.OpenmrsUtilTest" time="0.028"/>
  <testcase name="copyFile_shouldNotCopyTheOutputstreamWhenOutputstreamIsNull" classname="org.openmrs.util.OpenmrsUtilTest" time="0.03"/>
  <testcase name="validatePassword_shouldPassWithoutUpperAndLowerCasePasswordIfAllowed" classname="org.openmrs.util.OpenmrsUtilTest" time="0.023"/>
  <testcase name="containsUpperAndLowerCase_shouldReturnFalseIfStringDoesNotContainLowerCaseCharacters" classname="org.openmrs.util.OpenmrsUtilTest" time="0.019"/>
  <testcase name="validatePassword_shouldFailWithoutUpperAndLowerCasePasswordByDefault" classname="org.openmrs.util.OpenmrsUtilTest" time="0.027"/>
  <testcase name="collectionContains_shouldUseEqualsMethodForComparisonInsteadOfCompareToGivenSortedSetCollection" classname="org.openmrs.util.OpenmrsUtilTest" time="0.025"/>
  <testcase name="validatePassword_shouldFailWithPasswordEqualsToUserNameByDefault" classname="org.openmrs.util.OpenmrsUtilTest" time="0.027"/>
  <testcase name="validatePassword_shouldFailWithDigitOnlyPasswordIfNotAllowed" classname="org.openmrs.util.OpenmrsUtilTest" time="0.025"/>
  <testcase name="validatePassword_shouldPassWithPasswordEqualsToSystemIdIfAllowed" classname="org.openmrs.util.OpenmrsUtilTest" time="0.029"/>
  <testcase name="getDateFormat_shouldNotAllowTheReturnedSimpleDateFormatToBeModified" classname="org.openmrs.util.OpenmrsUtilTest" time="0.022"/>
  <testcase name="validatePassword_shouldFailWithPasswordEqualsToSystemIdIfNotAllowed" classname="org.openmrs.util.OpenmrsUtilTest" time="0.021"/>
  <testcase name="validatePassword_shouldPassWithCharOnlyPasswordIfAllowed" classname="org.openmrs.util.OpenmrsUtilTest" time="0.018"/>
  <testcase name="shortenedStackTrace_shouldRemoveSpringframeworkAndReflectionRelatedLines" classname="org.openmrs.util.OpenmrsUtilTest" time="0.029"/>
  <testcase name="validatePassword_shouldFailWithPasswordNotMatchingConfiguredRegex" classname="org.openmrs.util.OpenmrsUtilTest" time="0.024"/>
  <testcase name="containsOnlyDigits_shouldReturnTrueIfStringContainsOnlyDigits" classname="org.openmrs.util.OpenmrsUtilTest" time="0.022"/>
  <testcase name="validatePassword_shouldFailWithPasswordEqualsToSystemIdByDefault" classname="org.openmrs.util.OpenmrsUtilTest" time="0.029"/>
  <testcase name="validatePassword_shouldPassWithShortPasswordIfAllowed" classname="org.openmrs.util.OpenmrsUtilTest" time="0.032"/>
  <testcase name="openmrsDateFormat_shouldNotAllowTwoDigitYears" classname="org.openmrs.util.OpenmrsUtilTest" time="0.025"/>
  <testcase name="collectionContains_shouldUseEqualsMethodForComparisonInsteadOfCompareToGivenListCollection" classname="org.openmrs.util.OpenmrsUtilTest" time="0.025"/>
  <testcase name="storeProperties_shouldEscapeSlashes" classname="org.openmrs.util.OpenmrsUtilTest" time="0.025"/>
</testsuite>