<?xml version="1.0" encoding="UTF-8"?>
<testsuite name="org.openmrs.OrderTest" time="0.274" tests="64" errors="0" skipped="0" failures="0">
  <properties>
[...]
</properties>
  <testcase name="isDiscontinued_shouldNotDiscontinueActivatedOrderAfterAutoExpireDate" classname="org.openmrs.OrderTest" time="0.159"/>
  <testcase name="isActive_shouldReturnTrueIfAnOrderWasDiscontinuedOnTheCheckDate" classname="org.openmrs.OrderTest" time="0.002"/>
  <testcase name="isExpired_shouldReturnFalseIfDateStoppedIsNullAndAutoExpireDateIsEqualToCheckDate" classname="org.openmrs.OrderTest" time="0.002"/>
  <testcase name="isStarted_shouldReturnFalseIfTheOrderIsNotYetActivatedAsOfTheCheckDate" classname="org.openmrs.OrderTest" time="0.001"/>
  <testcase name="isActive_shouldReturnFalseForADiscontinuationOrder" classname="org.openmrs.OrderTest" time="0"/>
  <testcase name="isDiscontinued_shouldNotDiscontinueGivenActivatedOrderWithoutEndDate" classname="org.openmrs.OrderTest" time="0.002"/>
  <testcase name="isActive_shouldBeCurrentAfterDateActivated" classname="org.openmrs.OrderTest" time="0.004"/>
  <testcase name="isExpired_shouldFailIfDateStoppedIsAfterAutoExpireDate" classname="org.openmrs.OrderTest" time="0"/>
  <testcase name="isType_shouldTrueIfItIsTheSameOrIsASubtype" classname="org.openmrs.OrderTest" time="0.002"/>
  <testcase name="isActive_shouldReturnTrueIfAnOrderExpiredOnTheCheckDate" classname="org.openmrs.OrderTest" time="0.002"/>
  <testcase name="getEffectiveStartDate_shouldReturnDateActivatedIfUrgencyIsNotScheduled" classname="org.openmrs.OrderTest" time="0.001"/>
  <testcase name="isType_shouldFalseIfItNeitherTheSameNorASubtype" classname="org.openmrs.OrderTest" time="0.003"/>
  <testcase name="isExpired_shouldReturnFalseIfDateActivatedIsAfterCheckDate" classname="org.openmrs.OrderTest" time="0.002"/>
  <testcase name="hasSameOrderableAs_shouldReturnFalseIfOtherOrderIsNull" classname="org.openmrs.OrderTest" time="0.002"/>
  <testcase name="isStarted_shouldReturnTrueIfTheOrderIsStartedAndNotScheduled" classname="org.openmrs.OrderTest" time="0.002"/>
  <testcase name="isDiscontinued_shouldReturnFalseIfAutoExpireDateIsNullAndDateStoppedIsEqualToCheckDate" classname="org.openmrs.OrderTest" time="0.003"/>
  <testcase name="isStarted_shouldReturnFalseIfDateActivatedIsNull" classname="org.openmrs.OrderTest" time="0.002"/>
  <testcase name="isActive_shouldReturnFalseForAnExpiredOrder" classname="org.openmrs.OrderTest" time="0.002"/>
  <testcase name="isFuture_shouldReturnFalseForAVoidedOrder" classname="org.openmrs.OrderTest" time="0.002"/>
  <testcase name="isExpired_shouldReturnFalseIfCheckDateIsAfterDateStoppedButBeforeAutoExpireDate" classname="org.openmrs.OrderTest" time="0"/>
  <testcase name="isStarted_shouldReturnFalseIfTheOrderWasScheduledToStartAfterTheCheckDate" classname="org.openmrs.OrderTest" time="0.002"/>
  <testcase name="isDiscontinued_shouldReturnTrueIfCheckDateIsAfterDateStoppedButBeforeAutoExpireDate" classname="org.openmrs.OrderTest" time="0.003"/>
  <testcase name="isStarted_shouldReturnFalseForAVoidedOrder" classname="org.openmrs.OrderTest" time="0.003"/>
  <testcase name="isDiscontinued_shouldNotDiscontinueGivenOrderWithoutDates" classname="org.openmrs.OrderTest" time="0.002"/>
  <testcase name="getEffectiveStopDate_shouldReturnDateStoppedIfDateStoppedIsNotNull" classname="org.openmrs.OrderTest" time="0.002"/>
  <testcase name="isExpired_shouldReturnFalseIfCheckDateIsAfterBothDateStoppedAutoExpireDate" classname="org.openmrs.OrderTest" time="0.003"/>
  <testcase name="hasSameOrderableAs_shouldReturnTrueIfTheOrdersHaveTheSameConcept" classname="org.openmrs.OrderTest" time="0.002"/>
  <testcase name="isActive_shouldBeCurrentBetweenDateActivatedAndDateStopped" classname="org.openmrs.OrderTest" time="0.007"/>
  <testcase name="isDiscontinued_shouldReturnFalseIfDateActivatedIsAfterCheckDate" classname="org.openmrs.OrderTest" time="0"/>
  <testcase name="cloneForRevision_shouldSetTheRelevantFieldsForADCOrder" classname="org.openmrs.OrderTest" time="0.007"/>
  <testcase name="isStarted_shouldReturnTrueIfTheOrderWasScheduledToStartBeforeTheCheckDate" classname="org.openmrs.OrderTest" time="0"/>
  <testcase name="isActivated_shouldReturnFalseForAnOrderActivatedAfterTheCheckDate" classname="org.openmrs.OrderTest" time="0"/>
  <testcase name="isDiscontinued_shouldReturnTrueIfAutoExpireDateIsNullAndDateStoppedIsBeforeCheckDate" classname="org.openmrs.OrderTest" time="0.007"/>
  <testcase name="isDiscontinued_shouldReturnFalseIfDateStoppedAndAutoExpireDateAreBothNull" classname="org.openmrs.OrderTest" time="0"/>
  <testcase name="isExpired_shouldReturnTrueIfDateStoppedIsNullAndAutoExpireDateIsBeforeCheckDate" classname="org.openmrs.OrderTest" time="0"/>
  <testcase name="isExpired_shouldReturnFalseIfDateStoppedAndAutoExpireDateAreBothNull" classname="org.openmrs.OrderTest" time="0.007"/>
  <testcase name="isDiscontinued_shouldNotDiscontinueBeforeActivationDate" classname="org.openmrs.OrderTest" time="0"/>
  <testcase name="isDiscontinued_shouldNotDiscontinueActivatedOrderBeforeDateStopped" classname="org.openmrs.OrderTest" time="0"/>
  <testcase name="isActivated_shouldReturnTrueIfAnOrderWasActivatedBeforeTheCheckDate" classname="org.openmrs.OrderTest" time="0"/>
  <testcase name="cloneForRevision_shouldSetAllTheRelevantFields" classname="org.openmrs.OrderTest" time="0.003"/>
  <testcase name="isActive_shouldReturnFalseForAnOrderActivatedAfterTheCheckDate" classname="org.openmrs.OrderTest" time="0.001"/>
  <testcase name="isStarted_shouldReturnTrueIfTheOrderWasScheduledToStartOnTheCheckDate" classname="org.openmrs.OrderTest" time="0.001"/>
  <testcase name="isActive_shouldReturnFalseForAVoidedOrder" classname="org.openmrs.OrderTest" time="0.002"/>
  <testcase name="isDiscontinued_shouldReturnTrueIfCheckDateIsAfterBothDateStoppedAutoExpireDate" classname="org.openmrs.OrderTest" time="0.001"/>
  <testcase name="isActive_shouldReturnTrueIfAnOrderWasActivatedOnTheCheckDateButScheduledForTheFuture" classname="org.openmrs.OrderTest" time="0.002"/>
  <testcase name="isActivated_shouldReturnTrueIfAnOrderWasActivatedOnTheCheckDate" classname="org.openmrs.OrderTest" time="0.002"/>
  <testcase name="isActive_shouldReturnFalseForADiscontinuedOrder" classname="org.openmrs.OrderTest" time="0.002"/>
  <testcase name="isExpired_shouldReturnFalseIfDateStoppedIsNullAndAutoExpireDateIsAfterCheckDate" classname="org.openmrs.OrderTest" time="0.002"/>
  <testcase name="isActive_shouldReturnTrueIfAnOrderWasActivatedOnTheCheckDate" classname="org.openmrs.OrderTest" time="0.001"/>
  <testcase name="isDiscontinued_shouldFailIfDateStoppedIsAfterAutoExpireDate" classname="org.openmrs.OrderTest" time="0"/>
  <testcase name="isActive_shouldBeCurrentBetweenDateActivatedAndAutoExpireDate" classname="org.openmrs.OrderTest" time="0.002"/>
  <testcase name="isDiscontinued_shouldReturnFalseIfAutoExpireDateIsNullAndDateStoppedIsAfterCheckDate" classname="org.openmrs.OrderTest" time="0.004"/>
  <testcase name="isDiscontinued_shouldNotDiscontinueActivatedOrderBeforeAutoExpireDate" classname="org.openmrs.OrderTest" time="0.003"/>
  <testcase name="cloneForDiscontinuing_shouldSetAllTheRelevantFields" classname="org.openmrs.OrderTest" time="0.001"/>
  <testcase name="isDiscontinued_shouldDiscontinueActivatedOrderAfterDateStopped" classname="org.openmrs.OrderTest" time="0"/>
  <testcase name="isActivated_shouldReturnFalseIfDateActivatedIsNull" classname="org.openmrs.OrderTest" time="0.002"/>
  <testcase name="getEffectiveStopDate_shouldReturnAutoExpireDateIfDateStoppedIsNull" classname="org.openmrs.OrderTest" time="0.002"/>
  <testcase name="isDiscontinued_shouldReturnTrueIfTheOrderIsScheduledForTheFutureAndActivatedOnCheckDateButTheCheckDateIsAfterDateStopped" classname="org.openmrs.OrderTest" time="0"/>
  <testcase name="isExpired_shouldReturnFalseForAVoidedOrder" classname="org.openmrs.OrderTest" time="0.004"/>
  <testcase name="isDiscontinued_shouldReturnFalseForAVoidedOrder" classname="org.openmrs.OrderTest" time="0.001"/>
  <testcase name="isFuture_shouldReturnFalseIfDateActivatedIsNull" classname="org.openmrs.OrderTest" time="0"/>
  <testcase name="getEffectiveStartDate_shouldReturnScheduledDateIfUrgencyIsScheduled" classname="org.openmrs.OrderTest" time="0"/>
  <testcase name="hasSameOrderableAs_shouldReturnFalseIfTheConceptOfTheOrdersDoNotMatch" classname="org.openmrs.OrderTest" time="0"/>
  <testcase name="copy_shouldCopyAllFields" classname="org.openmrs.OrderTest" time="0"/>
</testsuite>