<?xml version="1.0" encoding="UTF-8"?>
<testsuite name="org.openmrs.validator.ConceptValidatorTest" time="0.388" tests="31" errors="0" skipped="0" failures="0">
  <properties>
[...]
</properties>
  <testcase name="validate_shouldPassIfTheConceptWithADuplicateNameIsRetired" classname="org.openmrs.validator.ConceptValidatorTest" time="0.243"/>
  <testcase name="validate_shouldPassIfTheConceptBeingValidatedIsRetiredAndHasADuplicateName" classname="org.openmrs.validator.ConceptValidatorTest" time="0"/>
  <testcase name="validate_shouldFailIfThereIsADuplicateUnretiredPreferredNameInTheSameLocale" classname="org.openmrs.validator.ConceptValidatorTest" time="0"/>
  <testcase name="validate_shouldFailIfTheObjectParameterIsNull" classname="org.openmrs.validator.ConceptValidatorTest" time="0"/>
  <testcase name="validate_shouldFailIfAnyNameIsANullValue" classname="org.openmrs.validator.ConceptValidatorTest" time="0.01"/>
  <testcase name="validate_shouldPassIfTheConceptHasASynonymThatIsAlsoAShortName" classname="org.openmrs.validator.ConceptValidatorTest" time="0"/>
  <testcase name="validate_shouldFailIfThereIsADuplicateUnretiredConceptNameInTheSameLocaleDifferentThanTheSystemLocale" classname="org.openmrs.validator.ConceptValidatorTest" time="0.014"/>
  <testcase name="validate_shouldPassIfTheDuplicateConceptNameIsNeitherPreferredNorFullySpecified" classname="org.openmrs.validator.ConceptValidatorTest" time="0"/>
  <testcase name="validate_shouldPassIfDifferentConceptsHaveTheSameShortNames" classname="org.openmrs.validator.ConceptValidatorTest" time="0.008"/>
  <testcase name="validate_shouldFailIfAnyNamesInTheSameLocaleForThisConceptAreSimilar" classname="org.openmrs.validator.ConceptValidatorTest" time="0"/>
  <testcase name="validate_shouldFailIfCodedConceptContainsItselfAsAnAnswer" classname="org.openmrs.validator.ConceptValidatorTest" time="0"/>
  <testcase name="validate_shouldPassIfNoneofTheConceptDescriptionsIsNull" classname="org.openmrs.validator.ConceptValidatorTest" time="0"/>
  <testcase name="validate_shouldPassIfFullySpecifiedNameIsTheSameAsShortName" classname="org.openmrs.validator.ConceptValidatorTest" time="0"/>
  <testcase name="validate_shouldFailValidationIfFieldLengthsAreNotCorrect" classname="org.openmrs.validator.ConceptValidatorTest" time="0.022"/>
  <testcase name="validate_shouldPassIfTheDuplicateNameInTheLocaleForTheConceptBeingValidatedIsVoided" classname="org.openmrs.validator.ConceptValidatorTest" time="0"/>
  <testcase name="validate_shouldFailIfThereIsADuplicateUnretiredFullySpecifiedNameInTheSameLocale" classname="org.openmrs.validator.ConceptValidatorTest" time="0.019"/>
  <testcase name="validate_shouldFailIfThereIsADuplicateUnretiredConceptNameInTheLocale" classname="org.openmrs.validator.ConceptValidatorTest" time="0.004"/>
  <testcase name="validate_shouldNotFailIfAnyDescriptionIsNotEnteredWhileCreatingANewConcept" classname="org.openmrs.validator.ConceptValidatorTest" time="0.02"/>
  <testcase name="validate_shouldFailIfAnyNameIsAnEmptyString" classname="org.openmrs.validator.ConceptValidatorTest" time="0"/>
  <testcase name="validate_shouldNotFailIfBlankConceptDescriptionIsPassed" classname="org.openmrs.validator.ConceptValidatorTest" time="0"/>
  <testcase name="validate_shouldPassIfTheConceptIsBeingUpdatedWithNoNameChange" classname="org.openmrs.validator.ConceptValidatorTest" time="0.015"/>
  <testcase name="validate_shouldPassValidationIfFieldLengthsAreCorrect" classname="org.openmrs.validator.ConceptValidatorTest" time="0.011"/>
  <testcase name="validate_shouldPassForANewConceptWithAMapCreatedWithDeprecatedConceptMapMethods" classname="org.openmrs.validator.ConceptValidatorTest" time="0"/>
  <testcase name="validate_shouldFailIfTheConceptClassIsNull" classname="org.openmrs.validator.ConceptValidatorTest" time="0.011"/>
  <testcase name="validate_shouldFailIfThereIsNoNameExplicitlyMarkedAsFullySpecified" classname="org.openmrs.validator.ConceptValidatorTest" time="0"/>
  <testcase name="validate_shouldFailIfATermIsMappedMultipleTimesToTheSameConcept" classname="org.openmrs.validator.ConceptValidatorTest" time="0"/>
  <testcase name="validate_shouldFailIfTheConceptDatatypeIsNull" classname="org.openmrs.validator.ConceptValidatorTest" time="0"/>
  <testcase name="shouldFailIfNamesAreEmpty" classname="org.openmrs.validator.ConceptValidatorTest" time="0"/>
  <testcase name="validate_shouldNotFailIfATermHasTwoNewMappingsOnIt" classname="org.openmrs.validator.ConceptValidatorTest" time="0"/>
  <testcase name="validate_shouldPassForAnEditedConceptWithAMapCreatedWithDeprecatedConceptMapMethods" classname="org.openmrs.validator.ConceptValidatorTest" time="0.011"/>
  <testcase name="validate_shouldPassIfTheConceptHasAtleastOneFullySpecifiedNameAddedToIt" classname="org.openmrs.validator.ConceptValidatorTest" time="0"/>
</testsuite>