<?xml version="1.0" encoding="UTF-8"?>
<testsuite name="org.openmrs.hl7.HL7ServiceTest" time="0.484" tests="29" errors="0" skipped="2" failures="0">
  <properties>
[...]
</properties>
  <testcase name="getUuidFromIdentifiers_shouldFailIfMultipleDifferentUUIDsExistInIdentifiers" classname="org.openmrs.hl7.HL7ServiceTest" time="0.013"/>
  <testcase name="getPersonFromNK1_shouldReturnASavedNewPerson" classname="org.openmrs.hl7.HL7ServiceTest" time="0"/>
  <testcase name="resolvePersonFromIdentifiers_shouldReturnNullIfNoPersonIsFound" classname="org.openmrs.hl7.HL7ServiceTest" time="0.015"/>
  <testcase name="getPersonFromNK1_shouldReturnAPatientIfValidPatientIdentifiersExist" classname="org.openmrs.hl7.HL7ServiceTest" time="0.035"/>
  <testcase name="resolveUserId_shouldReturnUserUsingFirstAndLastNameGivenUserIDIsNull" classname="org.openmrs.hl7.HL7ServiceTest" time="0.009"/>
  <testcase name="resolvePersonFromIdentifiers_shouldFindAPersonBasedOnTheInternalPersonID" classname="org.openmrs.hl7.HL7ServiceTest" time="0.041"/>
  <testcase name="resolveLocationId_shouldReturnNullIfLocationIdAndNameAreIncorrect" classname="org.openmrs.hl7.HL7ServiceTest" time="0.022"/>
  <testcase name="resolveUserId_shouldReturnUserUsingUsername" classname="org.openmrs.hl7.HL7ServiceTest" time="0.011"/>
  <testcase name="resolveLocationId_shouldReturnInternalIdentifierOfLocationIfOnlyLocationIdIsSpecified" classname="org.openmrs.hl7.HL7ServiceTest" time="0.023"/>
  <testcase name="getPersonFromNK1_shouldFailOnAnInvalidGender" classname="org.openmrs.hl7.HL7ServiceTest" time="0.014"/>
  <testcase name="getPersonFromNK1_shouldFailIfAPersonWithTheSameUUIDExists" classname="org.openmrs.hl7.HL7ServiceTest" time="0.025"/>
  <testcase name="processHL7InQueue_shouldCreateHL7InErrorAfterFailedParsing" classname="org.openmrs.hl7.HL7ServiceTest" time="0.053"/>
  <testcase name="parseHL7String_shouldParseTheGivenStringIntoMessage" classname="org.openmrs.hl7.HL7ServiceTest" time="0"/>
  <testcase name="getPersonFromNK1_shouldFailIfNoBirthdateSpecified" classname="org.openmrs.hl7.HL7ServiceTest" time="0"/>
  <testcase name="resolveUserId_shouldReturnNullForAmbiguousUsersUsingFirstAndLastNameGivenUserIDIsNull" classname="org.openmrs.hl7.HL7ServiceTest" time="0.003"/>
  <testcase name="resolvePersonFromIdentifiers_shouldFindAPersonBasedOnAPatientIdentifier" classname="org.openmrs.hl7.HL7ServiceTest" time="0.046"/>
  <testcase name="getUuidFromIdentifiers_shouldFindAUUIDInAnyPositionOfTheArray" classname="org.openmrs.hl7.HL7ServiceTest" time="0"/>
  <testcase name="processHL7InQueue_shouldCreateHL7InArchiveAfterSuccessfulParsing" classname="org.openmrs.hl7.HL7ServiceTest" time="0.042"/>
  <testcase name="processHL7InQueue_shouldParseOruR01MessageUsingOverriddenParserProvidedByAModule" classname="org.openmrs.hl7.HL7ServiceTest" time="0">
    <skipped message="TRUNK-3945"/>
  </testcase>
  <testcase name="resolvePersonFromIdentifiers_shouldFindAPersonBasedOnAUUID" classname="org.openmrs.hl7.HL7ServiceTest" time="0.031"/>
  <testcase name="getUuidFromIdentifiers_shouldReturnNullIfNoUUIDFound" classname="org.openmrs.hl7.HL7ServiceTest" time="0"/>
  <testcase name="getUuidFromIdentifiers_shouldNotFailIfMultipleSimilarUUIDsExistInIdentifiers" classname="org.openmrs.hl7.HL7ServiceTest" time="0"/>
  <testcase name="processHL7Message_shouldParseMessageTypeSuppliedByModule" classname="org.openmrs.hl7.HL7ServiceTest" time="0">
    <skipped message="TRUNK-3945"/>
  </testcase>
  <testcase name="getUuidFromIdentifiers_shouldNotFailIfNoAssigningAuthorityIsFound" classname="org.openmrs.hl7.HL7ServiceTest" time="0"/>
  <testcase name="getPersonFromNK1_shouldFailIfNoGenderSpecified" classname="org.openmrs.hl7.HL7ServiceTest" time="0"/>
  <testcase name="resolveLocationId_shouldReturnInternalIdentifierOfLocationIfOnlyLocationNameIsSpecified" classname="org.openmrs.hl7.HL7ServiceTest" time="0.033"/>
  <testcase name="processHL7InQueue_shouldFailIfGivenInQueueIsAlreadyMarkedAsProcessing" classname="org.openmrs.hl7.HL7ServiceTest" time="0.031"/>
  <testcase name="processHL7Message_shouldSaveHl7MessageToTheDatabase" classname="org.openmrs.hl7.HL7ServiceTest" time="0.03"/>
  <testcase name="saveHL7InQueue_shouldAddGeneratedUuidIfUuidIsNull" classname="org.openmrs.hl7.HL7ServiceTest" time="0.007"/>
</testsuite>