<?xml version="1.0" encoding="UTF-8"?>
<testsuite name="org.openmrs.EncounterTest" time="0.619" tests="57" errors="0" skipped="0" failures="0">
  <properties>
[...]
</properties>
  <testcase name="getProvidersByRole_shouldReturnProvidersForRole" classname="org.openmrs.EncounterTest" time="0.145"/>
  <testcase name="getObs_shouldGetObsWithTwoLevelsOfHierarchy" classname="org.openmrs.EncounterTest" time="0.011"/>
  <testcase name="removeOrder_shouldNotFailWhenRemovingNullOrder" classname="org.openmrs.EncounterTest" time="0.013"/>
  <testcase name="addOrders_shouldAddOrderToEncounterWhenAddingOrderToSetReturnedFromGetOrders" classname="org.openmrs.EncounterTest" time="0.004"/>
  <testcase name="addOrder_shouldAddOrderWithNullValues" classname="org.openmrs.EncounterTest" time="0.011"/>
  <testcase name="removeProvider_shouldVoidExistingEncounterProvider" classname="org.openmrs.EncounterTest" time="0.021"/>
  <testcase name="getAllObs_shouldGetBothChildAndParentObsAfterRemovingChildFromParentGrouping" classname="org.openmrs.EncounterTest" time="0"/>
  <testcase name="removeObs_shouldNotThrowErrorWhenRemovingNullObsFromEmptySet" classname="org.openmrs.EncounterTest" time="0.011"/>
  <testcase name="setProvider_shouldSetProviderForNewRole" classname="org.openmrs.EncounterTest" time="0.011"/>
  <testcase name="getAllObs_shouldGetBothParentAndChildObs" classname="org.openmrs.EncounterTest" time="0.007"/>
  <testcase name="getAllObs_shouldNotReturnNullWithNullObsSet" classname="org.openmrs.EncounterTest" time="0.007"/>
  <testcase name="setProvider_shouldClearProvidersAndSetProviderForRole" classname="org.openmrs.EncounterTest" time="0"/>
  <testcase name="getAllObs_shouldGetBothParentAndChildWithChildDirectlyOnEncounter" classname="org.openmrs.EncounterTest" time="0.008"/>
  <testcase name="removeObs_shouldRemoveObsSuccessfully" classname="org.openmrs.EncounterTest" time="0"/>
  <testcase name="getObs_shouldGetBothChildAndParentObsAfterRemovingChildFromParentGrouping" classname="org.openmrs.EncounterTest" time="0.011"/>
  <testcase name="removeOrder_shouldRemoveOrderFromEncounter" classname="org.openmrs.EncounterTest" time="0.011"/>
  <testcase name="copy_shouldCopyAllEncounterDataExceptVisitAndAssignCopiedEncounterToGivenPatient" classname="org.openmrs.EncounterTest" time="0"/>
  <testcase name="Encounter_shouldSetEncounterId" classname="org.openmrs.EncounterTest" time="0.019"/>
  <testcase name="getProvidersByRole_shouldReturnEmptySetForNullRole" classname="org.openmrs.EncounterTest" time="0.011"/>
  <testcase name="getObs_shouldNotGetVoidedObsWithThreeLayersOfHierarchy" classname="org.openmrs.EncounterTest" time="0"/>
  <testcase name="getAllObs_shouldGetObs" classname="org.openmrs.EncounterTest" time="0.011"/>
  <testcase name="addProvider_shouldAddSecondProviderForRole" classname="org.openmrs.EncounterTest" time="0"/>
  <testcase name="getObsAtTopLevel_shouldOnlyGetParentsObs" classname="org.openmrs.EncounterTest" time="0.011"/>
  <testcase name="addObs_shouldAddObsWithNullValues" classname="org.openmrs.EncounterTest" time="0.015"/>
  <testcase name="getObsAtTopLevel_shouldOnlyReturnTheGroupedTopLevelObs" classname="org.openmrs.EncounterTest" time="0.011"/>
  <testcase name="getObs_shouldNotGetVoidedObs" classname="org.openmrs.EncounterTest" time="0.011"/>
  <testcase name="getObs_shouldGetObsWithThreeLevelsOfHierarchy" classname="org.openmrs.EncounterTest" time="0"/>
  <testcase name="getProvidersByRole_shouldReturnEmptySetForNoRole" classname="org.openmrs.EncounterTest" time="0.014"/>
  <testcase name="getProvidersByRoles_shouldReturnAllRolesAndProviders" classname="org.openmrs.EncounterTest" time="0.018"/>
  <testcase name="addObs_shouldAddObsToNonNullInitialObsSet" classname="org.openmrs.EncounterTest" time="0"/>
  <testcase name="addObs_shouldAddEncounterAttrsToObsIfAttributesAreNull" classname="org.openmrs.EncounterTest" time="0"/>
  <testcase name="getObs_shouldOnlyGetChildObs" classname="org.openmrs.EncounterTest" time="0.029"/>
  <testcase name="getAllObs_shouldNotGetVoidedObs" classname="org.openmrs.EncounterTest" time="0"/>
  <testcase name="setProvider_shouldVoidExistingEncounterProvider" classname="org.openmrs.EncounterTest" time="0.011"/>
  <testcase name="addOrder_shouldNotFailWithNullObsPassedToAddOrder" classname="org.openmrs.EncounterTest" time="0"/>
  <testcase name="getObs_shouldGetObsInTheSameOrderObsIsAddedToTheEncounter" classname="org.openmrs.EncounterTest" time="0.011"/>
  <testcase name="getAllObs_shouldGetObsInTheSameOrderObsIsAddedToTheEncounter" classname="org.openmrs.EncounterTest" time="0"/>
  <testcase name="toString_shouldNotFailWithEmptyObject" classname="org.openmrs.EncounterTest" time="0.007"/>
  <testcase name="getProvidersByRoles_shouldReturnEmptyMapIfNoProviders" classname="org.openmrs.EncounterTest" time="0.01"/>
  <testcase name="getObsAtTopLevel_shouldNotGetVoidedObs" classname="org.openmrs.EncounterTest" time="0.014"/>
  <testcase name="removeOrder_shouldNotFailWhenRemovingNonExistentOrder" classname="org.openmrs.EncounterTest" time="0.011"/>
  <testcase name="addProvider_shouldAddProviderForNewRole" classname="org.openmrs.EncounterTest" time="0.007"/>
  <testcase name="addObs_shouldAddEncounterAttrsToObsGroupMembersIfAttributesAreNull" classname="org.openmrs.EncounterTest" time="0"/>
  <testcase name="getObsAtTopLevel_shouldNotReturnNullWithNullObsSet" classname="org.openmrs.EncounterTest" time="0"/>
  <testcase name="getObs_shouldNotReturnNullWithNullObsSet" classname="org.openmrs.EncounterTest" time="0.01"/>
  <testcase name="removeObs_shouldNotThrowErrorWhenRemovingNullObsFromNonEmptySet" classname="org.openmrs.EncounterTest" time="0.003"/>
  <testcase name="addOrder_shouldSetEncounterAttribute" classname="org.openmrs.EncounterTest" time="0.022"/>
  <testcase name="multipleAddingAndRemovingOfSameProvider_shouldNotFail" classname="org.openmrs.EncounterTest" time="0.005"/>
  <testcase name="getObsAtTopLevel_shouldGetObs" classname="org.openmrs.EncounterTest" time="0.011"/>
  <testcase name="getObsAtTopLevel_shouldGetObsInTheSameOrderObsIsAddedToTheEncounter" classname="org.openmrs.EncounterTest" time="0.011"/>
  <testcase name="addObs_shouldNotFailWithNullObs" classname="org.openmrs.EncounterTest" time="0.006"/>
  <testcase name="addOrder_shouldAddOrderToNonNullInitialOrderSet" classname="org.openmrs.EncounterTest" time="0.013"/>
  <testcase name="getObs_shouldNotGetChildObsIfChildAlsoOnEncounter" classname="org.openmrs.EncounterTest" time="0.022"/>
  <testcase name="getObs_shouldGetObs" classname="org.openmrs.EncounterTest" time="0"/>
  <testcase name="addObs_shouldSetEncounterAttributeOnObs" classname="org.openmrs.EncounterTest" time="0.005"/>
  <testcase name="addProvider_shouldNotAddSameProviderTwiceForRole" classname="org.openmrs.EncounterTest" time="0.019"/>
  <testcase name="getObsAtTopLevel_shouldGetBothChildAndParentObsAfterRemovingChildFromParentGrouping" classname="org.openmrs.EncounterTest" time="0"/>
</testsuite>